<?xml version="1.0" encoding="UTF-8"?>
<!-- Generated by org.testng.reporters.JUnitXMLReporter -->
<testsuite ignored="0" hostname="LAPTOP-1GLGBQCG" failures="0" tests="4" name="Default test" time="84.762" errors="0" timestamp="2020-09-26T23:54:22 IST">
  <testcase classname="main.Testcase2" name="TestcaseNumber2" time="8.501"/>
  <testcase classname="main.Testcase1" name="TestcaseNumber1" time="1.829"/>
  <testcase classname="main.Testcase4" name="TestcaseNumber4" time="2.743"/>
  <testcase classname="main.Testcase3" name="TestcaseNumber3" time="2.487"/>
</testsuite> <!-- Default test -->
