<?xml version="1.0" encoding="UTF-8"?>
<testng-results ignored="0" total="4" passed="4" failed="0" skipped="0">
  <reporter-output>
  </reporter-output>
  <suite started-at="2020-09-26T23:52:57 IST" name="Default suite" finished-at="2020-09-26T23:54:22 IST" duration-ms="84762">
    <groups>
    </groups>
    <test started-at="2020-09-26T23:52:57 IST" name="Default test" finished-at="2020-09-26T23:54:22 IST" duration-ms="84762">
      <class name="main.Testcase2">
        <test-method is-config="true" signature="openbrowser()[pri:0, instance:main.Testcase2@5cee5251]" started-at="2020-09-26T23:53:16 IST" name="openbrowser" finished-at="2020-09-26T23:53:27 IST" duration-ms="11890" status="PASS">
          <reporter-output>
          </reporter-output>
        </test-method> <!-- openbrowser -->
        <test-method signature="TestcaseNumber2()[pri:0, instance:main.Testcase2@5cee5251]" started-at="2020-09-26T23:54:00 IST" name="TestcaseNumber2" finished-at="2020-09-26T23:54:08 IST" duration-ms="8501" status="PASS">
          <reporter-output>
          </reporter-output>
        </test-method> <!-- TestcaseNumber2 -->
        <test-method is-config="true" signature="closebrowser()[pri:0, instance:main.Testcase2@5cee5251]" started-at="2020-09-26T23:54:17 IST" name="closebrowser" finished-at="2020-09-26T23:54:18 IST" duration-ms="903" status="PASS">
          <reporter-output>
          </reporter-output>
        </test-method> <!-- closebrowser -->
      </class> <!-- main.Testcase2 -->
      <class name="main.Testcase1">
        <test-method is-config="true" signature="openbrowser()[pri:0, instance:main.Testcase1@433d61fb]" started-at="2020-09-26T23:52:57 IST" name="openbrowser" finished-at="2020-09-26T23:53:16 IST" duration-ms="18243" status="PASS">
          <reporter-output>
          </reporter-output>
        </test-method> <!-- openbrowser -->
        <test-method signature="TestcaseNumber1()[pri:0, instance:main.Testcase1@433d61fb]" started-at="2020-09-26T23:54:08 IST" name="TestcaseNumber1" finished-at="2020-09-26T23:54:10 IST" duration-ms="1829" status="PASS">
          <reporter-output>
          </reporter-output>
        </test-method> <!-- TestcaseNumber1 -->
        <test-method is-config="true" signature="closebrowser()[pri:0, instance:main.Testcase1@433d61fb]" started-at="2020-09-26T23:54:15 IST" name="closebrowser" finished-at="2020-09-26T23:54:17 IST" duration-ms="1917" status="PASS">
          <reporter-output>
          </reporter-output>
        </test-method> <!-- closebrowser -->
      </class> <!-- main.Testcase1 -->
      <class name="main.Testcase4">
        <test-method is-config="true" signature="openbrowser()[pri:0, instance:main.Testcase4@5c909414]" started-at="2020-09-26T23:53:42 IST" name="openbrowser" finished-at="2020-09-26T23:53:59 IST" duration-ms="17185" status="PASS">
          <reporter-output>
          </reporter-output>
        </test-method> <!-- openbrowser -->
        <test-method signature="TestcaseNumber4()[pri:0, instance:main.Testcase4@5c909414]" started-at="2020-09-26T23:54:10 IST" name="TestcaseNumber4" finished-at="2020-09-26T23:54:13 IST" duration-ms="2743" status="PASS">
          <reporter-output>
          </reporter-output>
        </test-method> <!-- TestcaseNumber4 -->
        <test-method is-config="true" signature="closebrowser()[pri:0, instance:main.Testcase4@5c909414]" started-at="2020-09-26T23:54:19 IST" name="closebrowser" finished-at="2020-09-26T23:54:22 IST" duration-ms="3433" status="PASS">
          <reporter-output>
          </reporter-output>
        </test-method> <!-- closebrowser -->
      </class> <!-- main.Testcase4 -->
      <class name="main.Testcase3">
        <test-method is-config="true" signature="openbrowser()[pri:0, instance:main.Testcase3@4b14c583]" started-at="2020-09-26T23:53:27 IST" name="openbrowser" finished-at="2020-09-26T23:53:42 IST" duration-ms="14554" status="PASS">
          <reporter-output>
          </reporter-output>
        </test-method> <!-- openbrowser -->
        <test-method signature="TestcaseNumber3()[pri:0, instance:main.Testcase3@4b14c583]" started-at="2020-09-26T23:54:13 IST" name="TestcaseNumber3" finished-at="2020-09-26T23:54:15 IST" duration-ms="2487" status="PASS">
          <reporter-output>
          </reporter-output>
        </test-method> <!-- TestcaseNumber3 -->
        <test-method is-config="true" signature="closebrowser()[pri:0, instance:main.Testcase3@4b14c583]" started-at="2020-09-26T23:54:18 IST" name="closebrowser" finished-at="2020-09-26T23:54:19 IST" duration-ms="744" status="PASS">
          <reporter-output>
          </reporter-output>
        </test-method> <!-- closebrowser -->
      </class> <!-- main.Testcase3 -->
    </test> <!-- Default test -->
  </suite> <!-- Default suite -->
</testng-results>
